<?xml version="1.0" encoding="UTF-8"?>
<!-- Generated by org.testng.reporters.JUnitXMLReporter -->
<testsuite ignored="4" hostname="SSI-WAFZAL-LLP" failures="1" tests="3" name="TestNG-&gt;Car-&gt;Home-&gt;Personal" time="0.075" errors="0" timestamp="2024-06-22T17:57:24 PKT">
  <testcase classname="testNGDemo.HomeLoan" name="WebLoginHomeLoan" time="0.018">
    <failure type="java.lang.AssertionError" message="expected [true] but found [false]">
      <![CDATA[java.lang.AssertionError: expected [true] but found [false]
at testNGDemo.HomeLoan.WebLoginHomeLoan(HomeLoan.java:16)
at java.base/java.util.ArrayList.forEach(ArrayList.java:1596)
at java.base/java.util.concurrent.FutureTask.run(FutureTask.java:317)
at java.base/java.util.concurrent.ThreadPoolExecutor.runWorker(ThreadPoolExecutor.java:1144)
at java.base/java.util.concurrent.ThreadPoolExecutor$Worker.run(ThreadPoolExecutor.java:642)
at java.base/java.lang.Thread.run(Thread.java:1583)
... Removed 20 stack frames]]>
    </failure>
  </testcase> <!-- WebLoginHomeLoan -->
  <testcase classname="testNGDemo.CarLoan" name="ApiLoginCarLoan" time="0.003"/>
  <testcase classname="testNGDemo.CarLoan" name="WebLoginCarLoan" time="0.001"/>
  <testcase classname="testNGDemo.CarLoan" name="MobileLoginCarLoan" time="0.0">
    <ignored/>
  </testcase> <!-- MobileLoginCarLoan -->
  <testcase classname="testNGDemo.CarLoan" name="MobileRegisterCarLoan" time="0.0">
    <ignored/>
  </testcase> <!-- MobileRegisterCarLoan -->
  <testcase classname="testNGDemo.CarLoan" name="MobileSignoutCarLoan" time="0.0">
    <ignored/>
  </testcase> <!-- MobileSignoutCarLoan -->
  <testcase classname="testNGDemo.CarLoan" name="MobileSignUpCarlLoan" time="0.0">
    <ignored/>
  </testcase> <!-- MobileSignUpCarlLoan -->
</testsuite> <!-- TestNG->Car->Home->Personal -->
