<?xml version="1.0" encoding="UTF-8"?>
<!-- Generated by org.testng.reporters.JUnitXMLReporter -->
<testsuite ignored="1" hostname="SSI-WAFZAL-LLP" failures="0" tests="4" name="TestNG-&gt;PersonalLoan" time="0.073" errors="0" timestamp="2024-06-22T17:57:24 PKT">
  <testcase classname="testNGDemo.PersonalLoan" name="ApiLoginPersonalLoan" time="0.014"/>
  <testcase classname="testNGDemo.PersonalLoan" name="ApiLoginPersonalLoan" time="0.002"/>
  <testcase classname="testNGDemo.PersonalLoan" name="ApiLoginPersonalLoan" time="0.002"/>
  <testcase classname="testNGDemo.PersonalLoan" name="WebLoginPersonalLoan" time="0.002"/>
  <testcase classname="testNGDemo.PersonalLoan" name="MobileLoginPersonalLoan" time="0.0">
    <ignored/>
  </testcase> <!-- MobileLoginPersonalLoan -->
</testsuite> <!-- TestNG->PersonalLoan -->
