<?xml version="1.0" encoding="UTF-8"?>
<!-- Generated by org.testng.reporters.JUnitXMLReporter -->
<testsuite ignored="6" hostname="SSI-WAFZAL-LLP" failures="0" tests="4" name="TestNG-&gt;Car-&gt;Home-&gt;Loan" time="0.179" errors="0" timestamp="2024-06-15T16:42:36 PKT">
  <testcase classname="testNGDemo.CarLoan" name="MobileSignUpCarlLoan" time="0.031"/>
  <testcase classname="testNGDemo.CarLoan" name="WebLoginCarLoan" time="0.002"/>
  <testcase classname="testNGDemo.HomeLoan" name="WebLoginHomeLoan" time="0.004"/>
  <testcase classname="testNGDemo.PersonalLoan" name="WebLoginPersonalLoan" time="0.003"/>
  <testcase classname="testNGDemo.CarLoan" name="MobileLoginCarLoan" time="0.0">
    <ignored/>
  </testcase> <!-- MobileLoginCarLoan -->
  <testcase classname="testNGDemo.CarLoan" name="MobileRegisterCarLoan" time="0.0">
    <ignored/>
  </testcase> <!-- MobileRegisterCarLoan -->
  <testcase classname="testNGDemo.PersonalLoan" name="ApiLoginPersonalLoan" time="0.0">
    <ignored/>
  </testcase> <!-- ApiLoginPersonalLoan -->
  <testcase classname="testNGDemo.CarLoan" name="ApiLoginCarLoan" time="0.0">
    <ignored/>
  </testcase> <!-- ApiLoginCarLoan -->
  <testcase classname="testNGDemo.CarLoan" name="MobileSignoutCarLoan" time="0.0">
    <ignored/>
  </testcase> <!-- MobileSignoutCarLoan -->
  <testcase classname="testNGDemo.PersonalLoan" name="MobileLoginPersonalLoan" time="0.0">
    <ignored/>
  </testcase> <!-- MobileLoginPersonalLoan -->
</testsuite> <!-- TestNG->Car->Home->Loan -->
