<?xml version="1.0" encoding="UTF-8"?>
<testng-results ignored="0" total="1" passed="1" failed="0" skipped="0">
  <reporter-output>
  </reporter-output>
  <suite started-at="2024-06-22T19:05:55 PKT" name="Default suite" finished-at="2024-06-22T19:05:55 PKT" duration-ms="69">
    <groups>
    </groups>
    <test started-at="2024-06-22T19:05:55 PKT" name="Default test" finished-at="2024-06-22T19:05:55 PKT" duration-ms="69">
      <class name="coreJavaPractice.Car">
        <test-method is-config="true" signature="before()[pri:0, instance:coreJavaPractice.Car@6f96c77]" started-at="2024-06-22T19:05:55 PKT" name="before" finished-at="2024-06-22T19:05:55 PKT" duration-ms="5" status="PASS">
          <reporter-output>
          </reporter-output>
        </test-method> <!-- before -->
        <test-method signature="runTest()[pri:0, instance:coreJavaPractice.Car@6f96c77]" started-at="2024-06-22T19:05:55 PKT" name="runTest" finished-at="2024-06-22T19:05:55 PKT" duration-ms="9" status="PASS">
          <reporter-output>
          </reporter-output>
        </test-method> <!-- runTest -->
        <test-method is-config="true" signature="after()[pri:0, instance:coreJavaPractice.Car@6f96c77]" started-at="2024-06-22T19:05:55 PKT" name="after" finished-at="2024-06-22T19:05:55 PKT" duration-ms="0" status="PASS">
          <reporter-output>
          </reporter-output>
        </test-method> <!-- after -->
      </class> <!-- coreJavaPractice.Car -->
    </test> <!-- Default test -->
  </suite> <!-- Default suite -->
</testng-results>
